<?xml version="1.0" encoding="UTF-8"?>
<!-- Generated by org.testng.reporters.JUnitXMLReporter -->
<testsuite hostname="PCIN468293" ignored="1" name="Test" tests="10" failures="0" timestamp="2021-03-13T12:09:51 IST" time="179.648" errors="0">
  <testcase name="invokedriver" time="40.874" classname="com.bikes.testCases.BikeDetailsTest"/>
  <testcase name="clickUpComingBikes" time="6.182" classname="com.bikes.testCases.BikeDetailsTest"/>
  <testcase name="selectHondaBikes" time="14.529" classname="com.bikes.testCases.BikeDetailsTest"/>
  <testcase name="clickViewMore" time="3.128" classname="com.bikes.testCases.BikeDetailsTest"/>
  <testcase name="displayUpcomingBikes" time="6.227" classname="com.bikes.testCases.BikeDetailsTest"/>
  <testcase name="verifyHondaPage" time="0.015" classname="com.bikes.testCases.BikeDetailsTest"/>
  <testcase name="selectChennai" time="38.871" classname="com.bikes.testCases.UsedCarsTest"/>
  <testcase name="getPopularModels" time="0.451" classname="com.bikes.testCases.UsedCarsTest"/>
  <testcase name="verifyChennai" time="0.161" classname="com.bikes.testCases.UsedCarsTest"/>
  <testcase name="clickLogin2" time="63.487" classname="com.bikes.testCases.LoginTest"/>
  <testcase name="clickLogin1" time="0.0" classname="com.bikes.testCases.LoginTest">
    <ignored/>
  </testcase> <!-- clickLogin1 -->
</testsuite> <!-- Test -->
